The target system is: Android - 1 - armv7-a
The host system is: Linux - 5.4.0-1100-azure - x86_64
Determining if the C compiler works passed with the following output:
Change Dir: /workspaces/pythontestapkbuild/.buildozer/android/platform/build-arm64-v8a_armeabi-v7a/build/other_builds/jpeg/armeabi-v7a__ndk_target_21/jpeg/CMakeFiles/CMakeTmp

Run Build Command(s):/usr/bin/make cmTC_019eb/fast && make -j2 -f CMakeFiles/cmTC_019eb.dir/build.make CMakeFiles/cmTC_019eb.dir/build
make[1]: Entering directory '/workspaces/pythontestapkbuild/.buildozer/android/platform/build-arm64-v8a_armeabi-v7a/build/other_builds/jpeg/armeabi-v7a__ndk_target_21/jpeg/CMakeFiles/CMakeTmp'
Building C object CMakeFiles/cmTC_019eb.dir/testCCompiler.c.o
/home/codespace/.buildozer/android/platform/android-ndk-r25b/toolchains/llvm/prebuilt/linux-x86_64/bin/clang --target=armv7-none-linux-androideabi19 --sysroot=/home/codespace/.buildozer/android/platform/android-ndk-r25b/toolchains/llvm/prebuilt/linux-x86_64/sysroot   -g -DANDROID -fdata-sections -ffunction-sections -funwind-tables -fstack-protector-strong -no-canonical-prefixes -D_FORTIFY_SOURCE=2 -march=armv7-a -mthumb -Wformat -Werror=format-security   -fPIE   -o CMakeFiles/cmTC_019eb.dir/testCCompiler.c.o   -c /workspaces/pythontestapkbuild/.buildozer/android/platform/build-arm64-v8a_armeabi-v7a/build/other_builds/jpeg/armeabi-v7a__ndk_target_21/jpeg/CMakeFiles/CMakeTmp/testCCompiler.c
Linking C executable cmTC_019eb
/usr/bin/cmake -E cmake_link_script CMakeFiles/cmTC_019eb.dir/link.txt --verbose=1
/home/codespace/.buildozer/android/platform/android-ndk-r25b/toolchains/llvm/prebuilt/linux-x86_64/bin/clang --target=armv7-none-linux-androideabi19 --sysroot=/home/codespace/.buildozer/android/platform/android-ndk-r25b/toolchains/llvm/prebuilt/linux-x86_64/sysroot -g -DANDROID -fdata-sections -ffunction-sections -funwind-tables -fstack-protector-strong -no-canonical-prefixes -D_FORTIFY_SOURCE=2 -march=armv7-a -mthumb -Wformat -Werror=format-security    -static-libstdc++ -Wl,--build-id=sha1 -Wl,--no-rosegment -Wl,--fatal-warnings -Wl,--gc-sections -Wl,--no-undefined -Qunused-arguments -Wl,--gc-sections   CMakeFiles/cmTC_019eb.dir/testCCompiler.c.o  -o cmTC_019eb  -latomic -lm 
make[1]: Leaving directory '/workspaces/pythontestapkbuild/.buildozer/android/platform/build-arm64-v8a_armeabi-v7a/build/other_builds/jpeg/armeabi-v7a__ndk_target_21/jpeg/CMakeFiles/CMakeTmp'



Detecting C compiler ABI info compiled with the following output:
Change Dir: /workspaces/pythontestapkbuild/.buildozer/android/platform/build-arm64-v8a_armeabi-v7a/build/other_builds/jpeg/armeabi-v7a__ndk_target_21/jpeg/CMakeFiles/CMakeTmp

Run Build Command(s):/usr/bin/make cmTC_583e6/fast && make -j2 -f CMakeFiles/cmTC_583e6.dir/build.make CMakeFiles/cmTC_583e6.dir/build
make[1]: Entering directory '/workspaces/pythontestapkbuild/.buildozer/android/platform/build-arm64-v8a_armeabi-v7a/build/other_builds/jpeg/armeabi-v7a__ndk_target_21/jpeg/CMakeFiles/CMakeTmp'
Building C object CMakeFiles/cmTC_583e6.dir/CMakeCCompilerABI.c.o
/home/codespace/.buildozer/android/platform/android-ndk-r25b/toolchains/llvm/prebuilt/linux-x86_64/bin/clang --target=armv7-none-linux-androideabi19 --sysroot=/home/codespace/.buildozer/android/platform/android-ndk-r25b/toolchains/llvm/prebuilt/linux-x86_64/sysroot   -g -DANDROID -fdata-sections -ffunction-sections -funwind-tables -fstack-protector-strong -no-canonical-prefixes -D_FORTIFY_SOURCE=2 -march=armv7-a -mthumb -Wformat -Werror=format-security   -fPIE   -v -o CMakeFiles/cmTC_583e6.dir/CMakeCCompilerABI.c.o   -c /usr/share/cmake-3.16/Modules/CMakeCCompilerABI.c
Android (8490178, based on r450784d) clang version 14.0.6 (https://android.googlesource.com/toolchain/llvm-project 4c603efb0cca074e9238af8b4106c30add4418f6)
Target: armv7-none-linux-android19
Thread model: posix
InstalledDir: /home/codespace/.buildozer/android/platform/android-ndk-r25b/toolchains/llvm/prebuilt/linux-x86_64/bin
 (in-process)
 "/home/codespace/.buildozer/android/platform/android-ndk-r25b/toolchains/llvm/prebuilt/linux-x86_64/bin/clang" -cc1 -triple thumbv7-none-linux-android19 -emit-obj -mrelax-all --mrelax-relocations -disable-free -clear-ast-before-backend -disable-llvm-verifier -discard-value-names -main-file-name CMakeCCompilerABI.c -mrelocation-model pic -pic-level 2 -pic-is-pie -mframe-pointer=all -ffp-contract=on -fno-rounding-math -mconstructor-aliases -funwind-tables=1 -target-cpu generic -target-feature +soft-float-abi -target-feature +vfp2 -target-feature +vfp2sp -target-feature +vfp3 -target-feature +vfp3d16 -target-feature +vfp3d16sp -target-feature +vfp3sp -target-feature -fp16 -target-feature -vfp4 -target-feature -vfp4d16 -target-feature -vfp4d16sp -target-feature -vfp4sp -target-feature -fp-armv8 -target-feature -fp-armv8d16 -target-feature -fp-armv8d16sp -target-feature -fp-armv8sp -target-feature -fullfp16 -target-feature +fp64 -target-feature +d32 -target-feature +neon -target-feature -sha2 -target-feature -aes -target-feature -fp16fml -target-abi aapcs-linux -mfloat-abi soft -fallow-half-arguments-and-returns -mllvm -treat-scalable-fixed-error-as-warning -debug-info-kind=constructor -dwarf-version=4 -debugger-tuning=gdb -v -ffunction-sections -fdata-sections -fcoverage-compilation-dir=/workspaces/pythontestapkbuild/.buildozer/android/platform/build-arm64-v8a_armeabi-v7a/build/other_builds/jpeg/armeabi-v7a__ndk_target_21/jpeg/CMakeFiles/CMakeTmp -resource-dir /home/codespace/.buildozer/android/platform/android-ndk-r25b/toolchains/llvm/prebuilt/linux-x86_64/lib64/clang/14.0.6 -D ANDROID -D _FORTIFY_SOURCE=2 -isysroot /home/codespace/.buildozer/android/platform/android-ndk-r25b/toolchains/llvm/prebuilt/linux-x86_64/sysroot -internal-isystem /home/codespace/.buildozer/android/platform/android-ndk-r25b/toolchains/llvm/prebuilt/linux-x86_64/lib64/clang/14.0.6/include -internal-isystem /home/codespace/.buildozer/android/platform/android-ndk-r25b/toolchains/llvm/prebuilt/linux-x86_64/sysroot/usr/local/include -internal-externc-isystem /home/codespace/.buildozer/android/platform/android-ndk-r25b/toolchains/llvm/prebuilt/linux-x86_64/sysroot/usr/include/arm-linux-androideabi -internal-externc-isystem /home/codespace/.buildozer/android/platform/android-ndk-r25b/toolchains/llvm/prebuilt/linux-x86_64/sysroot/include -internal-externc-isystem /home/codespace/.buildozer/android/platform/android-ndk-r25b/toolchains/llvm/prebuilt/linux-x86_64/sysroot/usr/include -Wformat -Werror=format-security -fdebug-compilation-dir=/workspaces/pythontestapkbuild/.buildozer/android/platform/build-arm64-v8a_armeabi-v7a/build/other_builds/jpeg/armeabi-v7a__ndk_target_21/jpeg/CMakeFiles/CMakeTmp -ferror-limit 19 -stack-protector 2 -fno-signed-char -fgnuc-version=4.2.1 -D__GCC_HAVE_DWARF2_CFI_ASM=1 -o CMakeFiles/cmTC_583e6.dir/CMakeCCompilerABI.c.o -x c /usr/share/cmake-3.16/Modules/CMakeCCompilerABI.c
clang -cc1 version 14.0.6 based upon LLVM 14.0.6git default target x86_64-unknown-linux-gnu
ignoring nonexistent directory "/home/codespace/.buildozer/android/platform/android-ndk-r25b/toolchains/llvm/prebuilt/linux-x86_64/sysroot/include"
#include "..." search starts here:
#include <...> search starts here:
 /home/codespace/.buildozer/android/platform/android-ndk-r25b/toolchains/llvm/prebuilt/linux-x86_64/lib64/clang/14.0.6/include
 /home/codespace/.buildozer/android/platform/android-ndk-r25b/toolchains/llvm/prebuilt/linux-x86_64/sysroot/usr/local/include
 /home/codespace/.buildozer/android/platform/android-ndk-r25b/toolchains/llvm/prebuilt/linux-x86_64/sysroot/usr/include/arm-linux-androideabi
 /home/codespace/.buildozer/android/platform/android-ndk-r25b/toolchains/llvm/prebuilt/linux-x86_64/sysroot/usr/include
End of search list.
Linking C executable cmTC_583e6
/usr/bin/cmake -E cmake_link_script CMakeFiles/cmTC_583e6.dir/link.txt --verbose=1
/home/codespace/.buildozer/android/platform/android-ndk-r25b/toolchains/llvm/prebuilt/linux-x86_64/bin/clang --target=armv7-none-linux-androideabi19 --sysroot=/home/codespace/.buildozer/android/platform/android-ndk-r25b/toolchains/llvm/prebuilt/linux-x86_64/sysroot -g -DANDROID -fdata-sections -ffunction-sections -funwind-tables -fstack-protector-strong -no-canonical-prefixes -D_FORTIFY_SOURCE=2 -march=armv7-a -mthumb -Wformat -Werror=format-security    -static-libstdc++ -Wl,--build-id=sha1 -Wl,--no-rosegment -Wl,--fatal-warnings -Wl,--gc-sections -Wl,--no-undefined -Qunused-arguments -Wl,--gc-sections  -v CMakeFiles/cmTC_583e6.dir/CMakeCCompilerABI.c.o  -o cmTC_583e6 
Android (8490178, based on r450784d) clang version 14.0.6 (https://android.googlesource.com/toolchain/llvm-project 4c603efb0cca074e9238af8b4106c30add4418f6)
Target: armv7-none-linux-android19
Thread model: posix
InstalledDir: /home/codespace/.buildozer/android/platform/android-ndk-r25b/toolchains/llvm/prebuilt/linux-x86_64/bin
 "/home/codespace/.buildozer/android/platform/android-ndk-r25b/toolchains/llvm/prebuilt/linux-x86_64/bin/ld" --sysroot=/home/codespace/.buildozer/android/platform/android-ndk-r25b/toolchains/llvm/prebuilt/linux-x86_64/sysroot -pie -EL --warn-shared-textrel -z now -z relro -z max-page-size=4096 -X --hash-style=gnu --hash-style=both --enable-new-dtags --eh-frame-hdr -m armelf_linux_eabi -dynamic-linker /system/bin/linker -o cmTC_583e6 /home/codespace/.buildozer/android/platform/android-ndk-r25b/toolchains/llvm/prebuilt/linux-x86_64/sysroot/usr/lib/arm-linux-androideabi/19/crtbegin_dynamic.o -L/home/codespace/.buildozer/android/platform/android-ndk-r25b/toolchains/llvm/prebuilt/linux-x86_64/lib64/clang/14.0.6/lib/linux/arm -L/home/codespace/.buildozer/android/platform/android-ndk-r25b/toolchains/llvm/prebuilt/linux-x86_64/sysroot/usr/lib/arm-linux-androideabi/19 -L/home/codespace/.buildozer/android/platform/android-ndk-r25b/toolchains/llvm/prebuilt/linux-x86_64/sysroot/usr/lib/arm-linux-androideabi -L/home/codespace/.buildozer/android/platform/android-ndk-r25b/toolchains/llvm/prebuilt/linux-x86_64/sysroot/usr/lib/../lib -L/home/codespace/.buildozer/android/platform/android-ndk-r25b/toolchains/llvm/prebuilt/linux-x86_64/sysroot/usr/lib --build-id=sha1 --no-rosegment --fatal-warnings --gc-sections --no-undefined --gc-sections CMakeFiles/cmTC_583e6.dir/CMakeCCompilerABI.c.o /home/codespace/.buildozer/android/platform/android-ndk-r25b/toolchains/llvm/prebuilt/linux-x86_64/lib64/clang/14.0.6/lib/linux/libclang_rt.builtins-arm-android.a -l:libunwind.a -ldl -lc /home/codespace/.buildozer/android/platform/android-ndk-r25b/toolchains/llvm/prebuilt/linux-x86_64/lib64/clang/14.0.6/lib/linux/libclang_rt.builtins-arm-android.a -l:libunwind.a -ldl /home/codespace/.buildozer/android/platform/android-ndk-r25b/toolchains/llvm/prebuilt/linux-x86_64/sysroot/usr/lib/arm-linux-androideabi/19/crtend_android.o
make[1]: Leaving directory '/workspaces/pythontestapkbuild/.buildozer/android/platform/build-arm64-v8a_armeabi-v7a/build/other_builds/jpeg/armeabi-v7a__ndk_target_21/jpeg/CMakeFiles/CMakeTmp'



Parsed C implicit include dir info from above output: rv=done
  found start of include info
  found start of implicit include info
    add: [/home/codespace/.buildozer/android/platform/android-ndk-r25b/toolchains/llvm/prebuilt/linux-x86_64/lib64/clang/14.0.6/include]
    add: [/home/codespace/.buildozer/android/platform/android-ndk-r25b/toolchains/llvm/prebuilt/linux-x86_64/sysroot/usr/local/include]
    add: [/home/codespace/.buildozer/android/platform/android-ndk-r25b/toolchains/llvm/prebuilt/linux-x86_64/sysroot/usr/include/arm-linux-androideabi]
    add: [/home/codespace/.buildozer/android/platform/android-ndk-r25b/toolchains/llvm/prebuilt/linux-x86_64/sysroot/usr/include]
  end of search list found
  collapse include dir [/home/codespace/.buildozer/android/platform/android-ndk-r25b/toolchains/llvm/prebuilt/linux-x86_64/lib64/clang/14.0.6/include] ==> [/home/codespace/.buildozer/android/platform/android-ndk-r25b/toolchains/llvm/prebuilt/linux-x86_64/lib64/clang/14.0.6/include]
  collapse include dir [/home/codespace/.buildozer/android/platform/android-ndk-r25b/toolchains/llvm/prebuilt/linux-x86_64/sysroot/usr/local/include] ==> [/home/codespace/.buildozer/android/platform/android-ndk-r25b/toolchains/llvm/prebuilt/linux-x86_64/sysroot/usr/local/include]
  collapse include dir [/home/codespace/.buildozer/android/platform/android-ndk-r25b/toolchains/llvm/prebuilt/linux-x86_64/sysroot/usr/include/arm-linux-androideabi] ==> [/home/codespace/.buildozer/android/platform/android-ndk-r25b/toolchains/llvm/prebuilt/linux-x86_64/sysroot/usr/include/arm-linux-androideabi]
  collapse include dir [/home/codespace/.buildozer/android/platform/android-ndk-r25b/toolchains/llvm/prebuilt/linux-x86_64/sysroot/usr/include] ==> [/home/codespace/.buildozer/android/platform/android-ndk-r25b/toolchains/llvm/prebuilt/linux-x86_64/sysroot/usr/include]
  implicit include dirs: [/home/codespace/.buildozer/android/platform/android-ndk-r25b/toolchains/llvm/prebuilt/linux-x86_64/lib64/clang/14.0.6/include;/home/codespace/.buildozer/android/platform/android-ndk-r25b/toolchains/llvm/prebuilt/linux-x86_64/sysroot/usr/local/include;/home/codespace/.buildozer/android/platform/android-ndk-r25b/toolchains/llvm/prebuilt/linux-x86_64/sysroot/usr/include/arm-linux-androideabi;/home/codespace/.buildozer/android/platform/android-ndk-r25b/toolchains/llvm/prebuilt/linux-x86_64/sysroot/usr/include]


Parsed C implicit link information from above output:
  link line regex: [^( *|.*[/\])(ld\.lld|CMAKE_LINK_STARTFILE-NOTFOUND|([^/\]+-)?ld|collect2)[^/\]*( |$)]
  ignore line: [Change Dir: /workspaces/pythontestapkbuild/.buildozer/android/platform/build-arm64-v8a_armeabi-v7a/build/other_builds/jpeg/armeabi-v7a__ndk_target_21/jpeg/CMakeFiles/CMakeTmp]
  ignore line: []
  ignore line: [Run Build Command(s):/usr/bin/make cmTC_583e6/fast && make -j2 -f CMakeFiles/cmTC_583e6.dir/build.make CMakeFiles/cmTC_583e6.dir/build]
  ignore line: [make[1]: Entering directory '/workspaces/pythontestapkbuild/.buildozer/android/platform/build-arm64-v8a_armeabi-v7a/build/other_builds/jpeg/armeabi-v7a__ndk_target_21/jpeg/CMakeFiles/CMakeTmp']
  ignore line: [Building C object CMakeFiles/cmTC_583e6.dir/CMakeCCompilerABI.c.o]
  ignore line: [/home/codespace/.buildozer/android/platform/android-ndk-r25b/toolchains/llvm/prebuilt/linux-x86_64/bin/clang --target=armv7-none-linux-androideabi19 --sysroot=/home/codespace/.buildozer/android/platform/android-ndk-r25b/toolchains/llvm/prebuilt/linux-x86_64/sysroot   -g -DANDROID -fdata-sections -ffunction-sections -funwind-tables -fstack-protector-strong -no-canonical-prefixes -D_FORTIFY_SOURCE=2 -march=armv7-a -mthumb -Wformat -Werror=format-security   -fPIE   -v -o CMakeFiles/cmTC_583e6.dir/CMakeCCompilerABI.c.o   -c /usr/share/cmake-3.16/Modules/CMakeCCompilerABI.c]
  ignore line: [Android (8490178  based on r450784d) clang version 14.0.6 (https://android.googlesource.com/toolchain/llvm-project 4c603efb0cca074e9238af8b4106c30add4418f6)]
  ignore line: [Target: armv7-none-linux-android19]
  ignore line: [Thread model: posix]
  ignore line: [InstalledDir: /home/codespace/.buildozer/android/platform/android-ndk-r25b/toolchains/llvm/prebuilt/linux-x86_64/bin]
  ignore line: [ (in-process)]
  ignore line: [ "/home/codespace/.buildozer/android/platform/android-ndk-r25b/toolchains/llvm/prebuilt/linux-x86_64/bin/clang" -cc1 -triple thumbv7-none-linux-android19 -emit-obj -mrelax-all --mrelax-relocations -disable-free -clear-ast-before-backend -disable-llvm-verifier -discard-value-names -main-file-name CMakeCCompilerABI.c -mrelocation-model pic -pic-level 2 -pic-is-pie -mframe-pointer=all -ffp-contract=on -fno-rounding-math -mconstructor-aliases -funwind-tables=1 -target-cpu generic -target-feature +soft-float-abi -target-feature +vfp2 -target-feature +vfp2sp -target-feature +vfp3 -target-feature +vfp3d16 -target-feature +vfp3d16sp -target-feature +vfp3sp -target-feature -fp16 -target-feature -vfp4 -target-feature -vfp4d16 -target-feature -vfp4d16sp -target-feature -vfp4sp -target-feature -fp-armv8 -target-feature -fp-armv8d16 -target-feature -fp-armv8d16sp -target-feature -fp-armv8sp -target-feature -fullfp16 -target-feature +fp64 -target-feature +d32 -target-feature +neon -target-feature -sha2 -target-feature -aes -target-feature -fp16fml -target-abi aapcs-linux -mfloat-abi soft -fallow-half-arguments-and-returns -mllvm -treat-scalable-fixed-error-as-warning -debug-info-kind=constructor -dwarf-version=4 -debugger-tuning=gdb -v -ffunction-sections -fdata-sections -fcoverage-compilation-dir=/workspaces/pythontestapkbuild/.buildozer/android/platform/build-arm64-v8a_armeabi-v7a/build/other_builds/jpeg/armeabi-v7a__ndk_target_21/jpeg/CMakeFiles/CMakeTmp -resource-dir /home/codespace/.buildozer/android/platform/android-ndk-r25b/toolchains/llvm/prebuilt/linux-x86_64/lib64/clang/14.0.6 -D ANDROID -D _FORTIFY_SOURCE=2 -isysroot /home/codespace/.buildozer/android/platform/android-ndk-r25b/toolchains/llvm/prebuilt/linux-x86_64/sysroot -internal-isystem /home/codespace/.buildozer/android/platform/android-ndk-r25b/toolchains/llvm/prebuilt/linux-x86_64/lib64/clang/14.0.6/include -internal-isystem /home/codespace/.buildozer/android/platform/android-ndk-r25b/toolchains/llvm/prebuilt/linux-x86_64/sysroot/usr/local/include -internal-externc-isystem /home/codespace/.buildozer/android/platform/android-ndk-r25b/toolchains/llvm/prebuilt/linux-x86_64/sysroot/usr/include/arm-linux-androideabi -internal-externc-isystem /home/codespace/.buildozer/android/platform/android-ndk-r25b/toolchains/llvm/prebuilt/linux-x86_64/sysroot/include -internal-externc-isystem /home/codespace/.buildozer/android/platform/android-ndk-r25b/toolchains/llvm/prebuilt/linux-x86_64/sysroot/usr/include -Wformat -Werror=format-security -fdebug-compilation-dir=/workspaces/pythontestapkbuild/.buildozer/android/platform/build-arm64-v8a_armeabi-v7a/build/other_builds/jpeg/armeabi-v7a__ndk_target_21/jpeg/CMakeFiles/CMakeTmp -ferror-limit 19 -stack-protector 2 -fno-signed-char -fgnuc-version=4.2.1 -D__GCC_HAVE_DWARF2_CFI_ASM=1 -o CMakeFiles/cmTC_583e6.dir/CMakeCCompilerABI.c.o -x c /usr/share/cmake-3.16/Modules/CMakeCCompilerABI.c]
  ignore line: [clang -cc1 version 14.0.6 based upon LLVM 14.0.6git default target x86_64-unknown-linux-gnu]
  ignore line: [ignoring nonexistent directory "/home/codespace/.buildozer/android/platform/android-ndk-r25b/toolchains/llvm/prebuilt/linux-x86_64/sysroot/include"]
  ignore line: [#include "..." search starts here:]
  ignore line: [#include <...> search starts here:]
  ignore line: [ /home/codespace/.buildozer/android/platform/android-ndk-r25b/toolchains/llvm/prebuilt/linux-x86_64/lib64/clang/14.0.6/include]
  ignore line: [ /home/codespace/.buildozer/android/platform/android-ndk-r25b/toolchains/llvm/prebuilt/linux-x86_64/sysroot/usr/local/include]
  ignore line: [ /home/codespace/.buildozer/android/platform/android-ndk-r25b/toolchains/llvm/prebuilt/linux-x86_64/sysroot/usr/include/arm-linux-androideabi]
  ignore line: [ /home/codespace/.buildozer/android/platform/android-ndk-r25b/toolchains/llvm/prebuilt/linux-x86_64/sysroot/usr/include]
  ignore line: [End of search list.]
  ignore line: [Linking C executable cmTC_583e6]
  ignore line: [/usr/bin/cmake -E cmake_link_script CMakeFiles/cmTC_583e6.dir/link.txt --verbose=1]
  ignore line: [/home/codespace/.buildozer/android/platform/android-ndk-r25b/toolchains/llvm/prebuilt/linux-x86_64/bin/clang --target=armv7-none-linux-androideabi19 --sysroot=/home/codespace/.buildozer/android/platform/android-ndk-r25b/toolchains/llvm/prebuilt/linux-x86_64/sysroot -g -DANDROID -fdata-sections -ffunction-sections -funwind-tables -fstack-protector-strong -no-canonical-prefixes -D_FORTIFY_SOURCE=2 -march=armv7-a -mthumb -Wformat -Werror=format-security    -static-libstdc++ -Wl --build-id=sha1 -Wl --no-rosegment -Wl --fatal-warnings -Wl --gc-sections -Wl --no-undefined -Qunused-arguments -Wl --gc-sections  -v CMakeFiles/cmTC_583e6.dir/CMakeCCompilerABI.c.o  -o cmTC_583e6 ]
  ignore line: [Android (8490178  based on r450784d) clang version 14.0.6 (https://android.googlesource.com/toolchain/llvm-project 4c603efb0cca074e9238af8b4106c30add4418f6)]
  ignore line: [Target: armv7-none-linux-android19]
  ignore line: [Thread model: posix]
  ignore line: [InstalledDir: /home/codespace/.buildozer/android/platform/android-ndk-r25b/toolchains/llvm/prebuilt/linux-x86_64/bin]
  link line: [ "/home/codespace/.buildozer/android/platform/android-ndk-r25b/toolchains/llvm/prebuilt/linux-x86_64/bin/ld" --sysroot=/home/codespace/.buildozer/android/platform/android-ndk-r25b/toolchains/llvm/prebuilt/linux-x86_64/sysroot -pie -EL --warn-shared-textrel -z now -z relro -z max-page-size=4096 -X --hash-style=gnu --hash-style=both --enable-new-dtags --eh-frame-hdr -m armelf_linux_eabi -dynamic-linker /system/bin/linker -o cmTC_583e6 /home/codespace/.buildozer/android/platform/android-ndk-r25b/toolchains/llvm/prebuilt/linux-x86_64/sysroot/usr/lib/arm-linux-androideabi/19/crtbegin_dynamic.o -L/home/codespace/.buildozer/android/platform/android-ndk-r25b/toolchains/llvm/prebuilt/linux-x86_64/lib64/clang/14.0.6/lib/linux/arm -L/home/codespace/.buildozer/android/platform/android-ndk-r25b/toolchains/llvm/prebuilt/linux-x86_64/sysroot/usr/lib/arm-linux-androideabi/19 -L/home/codespace/.buildozer/android/platform/android-ndk-r25b/toolchains/llvm/prebuilt/linux-x86_64/sysroot/usr/lib/arm-linux-androideabi -L/home/codespace/.buildozer/android/platform/android-ndk-r25b/toolchains/llvm/prebuilt/linux-x86_64/sysroot/usr/lib/../lib -L/home/codespace/.buildozer/android/platform/android-ndk-r25b/toolchains/llvm/prebuilt/linux-x86_64/sysroot/usr/lib --build-id=sha1 --no-rosegment --fatal-warnings --gc-sections --no-undefined --gc-sections CMakeFiles/cmTC_583e6.dir/CMakeCCompilerABI.c.o /home/codespace/.buildozer/android/platform/android-ndk-r25b/toolchains/llvm/prebuilt/linux-x86_64/lib64/clang/14.0.6/lib/linux/libclang_rt.builtins-arm-android.a -l:libunwind.a -ldl -lc /home/codespace/.buildozer/android/platform/android-ndk-r25b/toolchains/llvm/prebuilt/linux-x86_64/lib64/clang/14.0.6/lib/linux/libclang_rt.builtins-arm-android.a -l:libunwind.a -ldl /home/codespace/.buildozer/android/platform/android-ndk-r25b/toolchains/llvm/prebuilt/linux-x86_64/sysroot/usr/lib/arm-linux-androideabi/19/crtend_android.o]
    arg [/home/codespace/.buildozer/android/platform/android-ndk-r25b/toolchains/llvm/prebuilt/linux-x86_64/bin/ld] ==> ignore
    arg [--sysroot=/home/codespace/.buildozer/android/platform/android-ndk-r25b/toolchains/llvm/prebuilt/linux-x86_64/sysroot] ==> ignore
    arg [-pie] ==> ignore
    arg [-EL] ==> ignore
    arg [--warn-shared-textrel] ==> ignore
    arg [-znow] ==> ignore
    arg [-zrelro] ==> ignore
    arg [-zmax-page-size=4096] ==> ignore
    arg [-X] ==> ignore
    arg [--hash-style=gnu] ==> ignore
    arg [--hash-style=both] ==> ignore
    arg [--enable-new-dtags] ==> ignore
    arg [--eh-frame-hdr] ==> ignore
    arg [-m] ==> ignore
    arg [armelf_linux_eabi] ==> ignore
    arg [-dynamic-linker] ==> ignore
    arg [/system/bin/linker] ==> ignore
    arg [-o] ==> ignore
    arg [cmTC_583e6] ==> ignore
    arg [/home/codespace/.buildozer/android/platform/android-ndk-r25b/toolchains/llvm/prebuilt/linux-x86_64/sysroot/usr/lib/arm-linux-androideabi/19/crtbegin_dynamic.o] ==> ignore
    arg [-L/home/codespace/.buildozer/android/platform/android-ndk-r25b/toolchains/llvm/prebuilt/linux-x86_64/lib64/clang/14.0.6/lib/linux/arm] ==> dir [/home/codespace/.buildozer/android/platform/android-ndk-r25b/toolchains/llvm/prebuilt/linux-x86_64/lib64/clang/14.0.6/lib/linux/arm]
    arg [-L/home/codespace/.buildozer/android/platform/android-ndk-r25b/toolchains/llvm/prebuilt/linux-x86_64/sysroot/usr/lib/arm-linux-androideabi/19] ==> dir [/home/codespace/.buildozer/android/platform/android-ndk-r25b/toolchains/llvm/prebuilt/linux-x86_64/sysroot/usr/lib/arm-linux-androideabi/19]
    arg [-L/home/codespace/.buildozer/android/platform/android-ndk-r25b/toolchains/llvm/prebuilt/linux-x86_64/sysroot/usr/lib/arm-linux-androideabi] ==> dir [/home/codespace/.buildozer/android/platform/android-ndk-r25b/toolchains/llvm/prebuilt/linux-x86_64/sysroot/usr/lib/arm-linux-androideabi]
    arg [-L/home/codespace/.buildozer/android/platform/android-ndk-r25b/toolchains/llvm/prebuilt/linux-x86_64/sysroot/usr/lib/../lib] ==> dir [/home/codespace/.buildozer/android/platform/android-ndk-r25b/toolchains/llvm/prebuilt/linux-x86_64/sysroot/usr/lib/../lib]
    arg [-L/home/codespace/.buildozer/android/platform/android-ndk-r25b/toolchains/llvm/prebuilt/linux-x86_64/sysroot/usr/lib] ==> dir [/home/codespace/.buildozer/android/platform/android-ndk-r25b/toolchains/llvm/prebuilt/linux-x86_64/sysroot/usr/lib]
    arg [--build-id=sha1] ==> ignore
    arg [--no-rosegment] ==> ignore
    arg [--fatal-warnings] ==> ignore
    arg [--gc-sections] ==> ignore
    arg [--no-undefined] ==> ignore
    arg [--gc-sections] ==> ignore
    arg [CMakeFiles/cmTC_583e6.dir/CMakeCCompilerABI.c.o] ==> ignore
    arg [/home/codespace/.buildozer/android/platform/android-ndk-r25b/toolchains/llvm/prebuilt/linux-x86_64/lib64/clang/14.0.6/lib/linux/libclang_rt.builtins-arm-android.a] ==> lib [/home/codespace/.buildozer/android/platform/android-ndk-r25b/toolchains/llvm/prebuilt/linux-x86_64/lib64/clang/14.0.6/lib/linux/libclang_rt.builtins-arm-android.a]
    arg [-l:libunwind.a] ==> lib [-l:libunwind.a]
    arg [-ldl] ==> lib [dl]
    arg [-lc] ==> lib [c]
    arg [/home/codespace/.buildozer/android/platform/android-ndk-r25b/toolchains/llvm/prebuilt/linux-x86_64/lib64/clang/14.0.6/lib/linux/libclang_rt.builtins-arm-android.a] ==> lib [/home/codespace/.buildozer/android/platform/android-ndk-r25b/toolchains/llvm/prebuilt/linux-x86_64/lib64/clang/14.0.6/lib/linux/libclang_rt.builtins-arm-android.a]
    arg [-l:libunwind.a] ==> lib [-l:libunwind.a]
    arg [-ldl] ==> lib [dl]
    arg [/home/codespace/.buildozer/android/platform/android-ndk-r25b/toolchains/llvm/prebuilt/linux-x86_64/sysroot/usr/lib/arm-linux-androideabi/19/crtend_android.o] ==> ignore
  remove lib [/home/codespace/.buildozer/android/platform/android-ndk-r25b/toolchains/llvm/prebuilt/linux-x86_64/lib64/clang/14.0.6/lib/linux/libclang_rt.builtins-arm-android.a]
  remove lib [/home/codespace/.buildozer/android/platform/android-ndk-r25b/toolchains/llvm/prebuilt/linux-x86_64/lib64/clang/14.0.6/lib/linux/libclang_rt.builtins-arm-android.a]
  collapse library dir [/home/codespace/.buildozer/android/platform/android-ndk-r25b/toolchains/llvm/prebuilt/linux-x86_64/lib64/clang/14.0.6/lib/linux/arm] ==> [/home/codespace/.buildozer/android/platform/android-ndk-r25b/toolchains/llvm/prebuilt/linux-x86_64/lib64/clang/14.0.6/lib/linux/arm]
  collapse library dir [/home/codespace/.buildozer/android/platform/android-ndk-r25b/toolchains/llvm/prebuilt/linux-x86_64/sysroot/usr/lib/arm-linux-androideabi/19] ==> [/home/codespace/.buildozer/android/platform/android-ndk-r25b/toolchains/llvm/prebuilt/linux-x86_64/sysroot/usr/lib/arm-linux-androideabi/19]
  collapse library dir [/home/codespace/.buildozer/android/platform/android-ndk-r25b/toolchains/llvm/prebuilt/linux-x86_64/sysroot/usr/lib/arm-linux-androideabi] ==> [/home/codespace/.buildozer/android/platform/android-ndk-r25b/toolchains/llvm/prebuilt/linux-x86_64/sysroot/usr/lib/arm-linux-androideabi]
  collapse library dir [/home/codespace/.buildozer/android/platform/android-ndk-r25b/toolchains/llvm/prebuilt/linux-x86_64/sysroot/usr/lib/../lib] ==> [/home/codespace/.buildozer/android/platform/android-ndk-r25b/toolchains/llvm/prebuilt/linux-x86_64/sysroot/usr/lib]
  collapse library dir [/home/codespace/.buildozer/android/platform/android-ndk-r25b/toolchains/llvm/prebuilt/linux-x86_64/sysroot/usr/lib] ==> [/home/codespace/.buildozer/android/platform/android-ndk-r25b/toolchains/llvm/prebuilt/linux-x86_64/sysroot/usr/lib]
  implicit libs: [-l:libunwind.a;dl;c;-l:libunwind.a;dl]
  implicit dirs: [/home/codespace/.buildozer/android/platform/android-ndk-r25b/toolchains/llvm/prebuilt/linux-x86_64/lib64/clang/14.0.6/lib/linux/arm;/home/codespace/.buildozer/android/platform/android-ndk-r25b/toolchains/llvm/prebuilt/linux-x86_64/sysroot/usr/lib/arm-linux-androideabi/19;/home/codespace/.buildozer/android/platform/android-ndk-r25b/toolchains/llvm/prebuilt/linux-x86_64/sysroot/usr/lib/arm-linux-androideabi;/home/codespace/.buildozer/android/platform/android-ndk-r25b/toolchains/llvm/prebuilt/linux-x86_64/sysroot/usr/lib]
  implicit fwks: []


Determining if the include file sys/types.h exists passed with the following output:
Change Dir: /workspaces/pythontestapkbuild/.buildozer/android/platform/build-arm64-v8a_armeabi-v7a/build/other_builds/jpeg/armeabi-v7a__ndk_target_21/jpeg/CMakeFiles/CMakeTmp

Run Build Command(s):/usr/bin/make cmTC_b9307/fast && make -j2 -f CMakeFiles/cmTC_b9307.dir/build.make CMakeFiles/cmTC_b9307.dir/build
make[1]: Entering directory '/workspaces/pythontestapkbuild/.buildozer/android/platform/build-arm64-v8a_armeabi-v7a/build/other_builds/jpeg/armeabi-v7a__ndk_target_21/jpeg/CMakeFiles/CMakeTmp'
Building C object CMakeFiles/cmTC_b9307.dir/CheckIncludeFile.c.o
/home/codespace/.buildozer/android/platform/android-ndk-r25b/toolchains/llvm/prebuilt/linux-x86_64/bin/clang --target=armv7-none-linux-androideabi19 --sysroot=/home/codespace/.buildozer/android/platform/android-ndk-r25b/toolchains/llvm/prebuilt/linux-x86_64/sysroot   -g -DANDROID -fdata-sections -ffunction-sections -funwind-tables -fstack-protector-strong -no-canonical-prefixes -D_FORTIFY_SOURCE=2 -march=armv7-a -mthumb -Wformat -Werror=format-security   -fPIE   -o CMakeFiles/cmTC_b9307.dir/CheckIncludeFile.c.o   -c /workspaces/pythontestapkbuild/.buildozer/android/platform/build-arm64-v8a_armeabi-v7a/build/other_builds/jpeg/armeabi-v7a__ndk_target_21/jpeg/CMakeFiles/CMakeTmp/CheckIncludeFile.c
Linking C executable cmTC_b9307
/usr/bin/cmake -E cmake_link_script CMakeFiles/cmTC_b9307.dir/link.txt --verbose=1
/home/codespace/.buildozer/android/platform/android-ndk-r25b/toolchains/llvm/prebuilt/linux-x86_64/bin/clang --target=armv7-none-linux-androideabi19 --sysroot=/home/codespace/.buildozer/android/platform/android-ndk-r25b/toolchains/llvm/prebuilt/linux-x86_64/sysroot -g -DANDROID -fdata-sections -ffunction-sections -funwind-tables -fstack-protector-strong -no-canonical-prefixes -D_FORTIFY_SOURCE=2 -march=armv7-a -mthumb -Wformat -Werror=format-security    -static-libstdc++ -Wl,--build-id=sha1 -Wl,--no-rosegment -Wl,--fatal-warnings -Wl,--gc-sections -Wl,--no-undefined -Qunused-arguments -Wl,--gc-sections   CMakeFiles/cmTC_b9307.dir/CheckIncludeFile.c.o  -o cmTC_b9307  -latomic -lm 
make[1]: Leaving directory '/workspaces/pythontestapkbuild/.buildozer/android/platform/build-arm64-v8a_armeabi-v7a/build/other_builds/jpeg/armeabi-v7a__ndk_target_21/jpeg/CMakeFiles/CMakeTmp'



Determining if the include file stdint.h exists passed with the following output:
Change Dir: /workspaces/pythontestapkbuild/.buildozer/android/platform/build-arm64-v8a_armeabi-v7a/build/other_builds/jpeg/armeabi-v7a__ndk_target_21/jpeg/CMakeFiles/CMakeTmp

Run Build Command(s):/usr/bin/make cmTC_99a4e/fast && make -j2 -f CMakeFiles/cmTC_99a4e.dir/build.make CMakeFiles/cmTC_99a4e.dir/build
make[1]: Entering directory '/workspaces/pythontestapkbuild/.buildozer/android/platform/build-arm64-v8a_armeabi-v7a/build/other_builds/jpeg/armeabi-v7a__ndk_target_21/jpeg/CMakeFiles/CMakeTmp'
Building C object CMakeFiles/cmTC_99a4e.dir/CheckIncludeFile.c.o
/home/codespace/.buildozer/android/platform/android-ndk-r25b/toolchains/llvm/prebuilt/linux-x86_64/bin/clang --target=armv7-none-linux-androideabi19 --sysroot=/home/codespace/.buildozer/android/platform/android-ndk-r25b/toolchains/llvm/prebuilt/linux-x86_64/sysroot   -g -DANDROID -fdata-sections -ffunction-sections -funwind-tables -fstack-protector-strong -no-canonical-prefixes -D_FORTIFY_SOURCE=2 -march=armv7-a -mthumb -Wformat -Werror=format-security   -fPIE   -o CMakeFiles/cmTC_99a4e.dir/CheckIncludeFile.c.o   -c /workspaces/pythontestapkbuild/.buildozer/android/platform/build-arm64-v8a_armeabi-v7a/build/other_builds/jpeg/armeabi-v7a__ndk_target_21/jpeg/CMakeFiles/CMakeTmp/CheckIncludeFile.c
Linking C executable cmTC_99a4e
/usr/bin/cmake -E cmake_link_script CMakeFiles/cmTC_99a4e.dir/link.txt --verbose=1
/home/codespace/.buildozer/android/platform/android-ndk-r25b/toolchains/llvm/prebuilt/linux-x86_64/bin/clang --target=armv7-none-linux-androideabi19 --sysroot=/home/codespace/.buildozer/android/platform/android-ndk-r25b/toolchains/llvm/prebuilt/linux-x86_64/sysroot -g -DANDROID -fdata-sections -ffunction-sections -funwind-tables -fstack-protector-strong -no-canonical-prefixes -D_FORTIFY_SOURCE=2 -march=armv7-a -mthumb -Wformat -Werror=format-security    -static-libstdc++ -Wl,--build-id=sha1 -Wl,--no-rosegment -Wl,--fatal-warnings -Wl,--gc-sections -Wl,--no-undefined -Qunused-arguments -Wl,--gc-sections   CMakeFiles/cmTC_99a4e.dir/CheckIncludeFile.c.o  -o cmTC_99a4e  -latomic -lm 
make[1]: Leaving directory '/workspaces/pythontestapkbuild/.buildozer/android/platform/build-arm64-v8a_armeabi-v7a/build/other_builds/jpeg/armeabi-v7a__ndk_target_21/jpeg/CMakeFiles/CMakeTmp'



Determining if the include file stddef.h exists passed with the following output:
Change Dir: /workspaces/pythontestapkbuild/.buildozer/android/platform/build-arm64-v8a_armeabi-v7a/build/other_builds/jpeg/armeabi-v7a__ndk_target_21/jpeg/CMakeFiles/CMakeTmp

Run Build Command(s):/usr/bin/make cmTC_60e93/fast && make -j2 -f CMakeFiles/cmTC_60e93.dir/build.make CMakeFiles/cmTC_60e93.dir/build
make[1]: Entering directory '/workspaces/pythontestapkbuild/.buildozer/android/platform/build-arm64-v8a_armeabi-v7a/build/other_builds/jpeg/armeabi-v7a__ndk_target_21/jpeg/CMakeFiles/CMakeTmp'
Building C object CMakeFiles/cmTC_60e93.dir/CheckIncludeFile.c.o
/home/codespace/.buildozer/android/platform/android-ndk-r25b/toolchains/llvm/prebuilt/linux-x86_64/bin/clang --target=armv7-none-linux-androideabi19 --sysroot=/home/codespace/.buildozer/android/platform/android-ndk-r25b/toolchains/llvm/prebuilt/linux-x86_64/sysroot   -g -DANDROID -fdata-sections -ffunction-sections -funwind-tables -fstack-protector-strong -no-canonical-prefixes -D_FORTIFY_SOURCE=2 -march=armv7-a -mthumb -Wformat -Werror=format-security   -fPIE   -o CMakeFiles/cmTC_60e93.dir/CheckIncludeFile.c.o   -c /workspaces/pythontestapkbuild/.buildozer/android/platform/build-arm64-v8a_armeabi-v7a/build/other_builds/jpeg/armeabi-v7a__ndk_target_21/jpeg/CMakeFiles/CMakeTmp/CheckIncludeFile.c
Linking C executable cmTC_60e93
/usr/bin/cmake -E cmake_link_script CMakeFiles/cmTC_60e93.dir/link.txt --verbose=1
/home/codespace/.buildozer/android/platform/android-ndk-r25b/toolchains/llvm/prebuilt/linux-x86_64/bin/clang --target=armv7-none-linux-androideabi19 --sysroot=/home/codespace/.buildozer/android/platform/android-ndk-r25b/toolchains/llvm/prebuilt/linux-x86_64/sysroot -g -DANDROID -fdata-sections -ffunction-sections -funwind-tables -fstack-protector-strong -no-canonical-prefixes -D_FORTIFY_SOURCE=2 -march=armv7-a -mthumb -Wformat -Werror=format-security    -static-libstdc++ -Wl,--build-id=sha1 -Wl,--no-rosegment -Wl,--fatal-warnings -Wl,--gc-sections -Wl,--no-undefined -Qunused-arguments -Wl,--gc-sections   CMakeFiles/cmTC_60e93.dir/CheckIncludeFile.c.o  -o cmTC_60e93  -latomic -lm 
make[1]: Leaving directory '/workspaces/pythontestapkbuild/.buildozer/android/platform/build-arm64-v8a_armeabi-v7a/build/other_builds/jpeg/armeabi-v7a__ndk_target_21/jpeg/CMakeFiles/CMakeTmp'



Determining size of size_t passed with the following output:
Change Dir: /workspaces/pythontestapkbuild/.buildozer/android/platform/build-arm64-v8a_armeabi-v7a/build/other_builds/jpeg/armeabi-v7a__ndk_target_21/jpeg/CMakeFiles/CMakeTmp

Run Build Command(s):/usr/bin/make cmTC_9141b/fast && make -j2 -f CMakeFiles/cmTC_9141b.dir/build.make CMakeFiles/cmTC_9141b.dir/build
make[1]: Entering directory '/workspaces/pythontestapkbuild/.buildozer/android/platform/build-arm64-v8a_armeabi-v7a/build/other_builds/jpeg/armeabi-v7a__ndk_target_21/jpeg/CMakeFiles/CMakeTmp'
Building C object CMakeFiles/cmTC_9141b.dir/SIZE_T.c.o
/home/codespace/.buildozer/android/platform/android-ndk-r25b/toolchains/llvm/prebuilt/linux-x86_64/bin/clang --target=armv7-none-linux-androideabi19 --sysroot=/home/codespace/.buildozer/android/platform/android-ndk-r25b/toolchains/llvm/prebuilt/linux-x86_64/sysroot   -g -DANDROID -fdata-sections -ffunction-sections -funwind-tables -fstack-protector-strong -no-canonical-prefixes -D_FORTIFY_SOURCE=2 -march=armv7-a -mthumb -Wformat -Werror=format-security   -fPIE   -o CMakeFiles/cmTC_9141b.dir/SIZE_T.c.o   -c /workspaces/pythontestapkbuild/.buildozer/android/platform/build-arm64-v8a_armeabi-v7a/build/other_builds/jpeg/armeabi-v7a__ndk_target_21/jpeg/CMakeFiles/CheckTypeSize/SIZE_T.c
Linking C executable cmTC_9141b
/usr/bin/cmake -E cmake_link_script CMakeFiles/cmTC_9141b.dir/link.txt --verbose=1
/home/codespace/.buildozer/android/platform/android-ndk-r25b/toolchains/llvm/prebuilt/linux-x86_64/bin/clang --target=armv7-none-linux-androideabi19 --sysroot=/home/codespace/.buildozer/android/platform/android-ndk-r25b/toolchains/llvm/prebuilt/linux-x86_64/sysroot -g -DANDROID -fdata-sections -ffunction-sections -funwind-tables -fstack-protector-strong -no-canonical-prefixes -D_FORTIFY_SOURCE=2 -march=armv7-a -mthumb -Wformat -Werror=format-security    -static-libstdc++ -Wl,--build-id=sha1 -Wl,--no-rosegment -Wl,--fatal-warnings -Wl,--gc-sections -Wl,--no-undefined -Qunused-arguments -Wl,--gc-sections   CMakeFiles/cmTC_9141b.dir/SIZE_T.c.o  -o cmTC_9141b  -latomic -lm 
make[1]: Leaving directory '/workspaces/pythontestapkbuild/.buildozer/android/platform/build-arm64-v8a_armeabi-v7a/build/other_builds/jpeg/armeabi-v7a__ndk_target_21/jpeg/CMakeFiles/CMakeTmp'



Determining size of unsigned long passed with the following output:
Change Dir: /workspaces/pythontestapkbuild/.buildozer/android/platform/build-arm64-v8a_armeabi-v7a/build/other_builds/jpeg/armeabi-v7a__ndk_target_21/jpeg/CMakeFiles/CMakeTmp

Run Build Command(s):/usr/bin/make cmTC_4fcb5/fast && make -j2 -f CMakeFiles/cmTC_4fcb5.dir/build.make CMakeFiles/cmTC_4fcb5.dir/build
make[1]: Entering directory '/workspaces/pythontestapkbuild/.buildozer/android/platform/build-arm64-v8a_armeabi-v7a/build/other_builds/jpeg/armeabi-v7a__ndk_target_21/jpeg/CMakeFiles/CMakeTmp'
Building C object CMakeFiles/cmTC_4fcb5.dir/UNSIGNED_LONG.c.o
/home/codespace/.buildozer/android/platform/android-ndk-r25b/toolchains/llvm/prebuilt/linux-x86_64/bin/clang --target=armv7-none-linux-androideabi19 --sysroot=/home/codespace/.buildozer/android/platform/android-ndk-r25b/toolchains/llvm/prebuilt/linux-x86_64/sysroot   -g -DANDROID -fdata-sections -ffunction-sections -funwind-tables -fstack-protector-strong -no-canonical-prefixes -D_FORTIFY_SOURCE=2 -march=armv7-a -mthumb -Wformat -Werror=format-security   -fPIE   -o CMakeFiles/cmTC_4fcb5.dir/UNSIGNED_LONG.c.o   -c /workspaces/pythontestapkbuild/.buildozer/android/platform/build-arm64-v8a_armeabi-v7a/build/other_builds/jpeg/armeabi-v7a__ndk_target_21/jpeg/CMakeFiles/CheckTypeSize/UNSIGNED_LONG.c
Linking C executable cmTC_4fcb5
/usr/bin/cmake -E cmake_link_script CMakeFiles/cmTC_4fcb5.dir/link.txt --verbose=1
/home/codespace/.buildozer/android/platform/android-ndk-r25b/toolchains/llvm/prebuilt/linux-x86_64/bin/clang --target=armv7-none-linux-androideabi19 --sysroot=/home/codespace/.buildozer/android/platform/android-ndk-r25b/toolchains/llvm/prebuilt/linux-x86_64/sysroot -g -DANDROID -fdata-sections -ffunction-sections -funwind-tables -fstack-protector-strong -no-canonical-prefixes -D_FORTIFY_SOURCE=2 -march=armv7-a -mthumb -Wformat -Werror=format-security    -static-libstdc++ -Wl,--build-id=sha1 -Wl,--no-rosegment -Wl,--fatal-warnings -Wl,--gc-sections -Wl,--no-undefined -Qunused-arguments -Wl,--gc-sections   CMakeFiles/cmTC_4fcb5.dir/UNSIGNED_LONG.c.o  -o cmTC_4fcb5  -latomic -lm 
make[1]: Leaving directory '/workspaces/pythontestapkbuild/.buildozer/android/platform/build-arm64-v8a_armeabi-v7a/build/other_builds/jpeg/armeabi-v7a__ndk_target_21/jpeg/CMakeFiles/CMakeTmp'



Performing C SOURCE FILE Test HAVE_BUILTIN_CTZL succeeded with the following output:
Change Dir: /workspaces/pythontestapkbuild/.buildozer/android/platform/build-arm64-v8a_armeabi-v7a/build/other_builds/jpeg/armeabi-v7a__ndk_target_21/jpeg/CMakeFiles/CMakeTmp

Run Build Command(s):/usr/bin/make cmTC_3ebc7/fast && make -j2 -f CMakeFiles/cmTC_3ebc7.dir/build.make CMakeFiles/cmTC_3ebc7.dir/build
make[1]: Entering directory '/workspaces/pythontestapkbuild/.buildozer/android/platform/build-arm64-v8a_armeabi-v7a/build/other_builds/jpeg/armeabi-v7a__ndk_target_21/jpeg/CMakeFiles/CMakeTmp'
Building C object CMakeFiles/cmTC_3ebc7.dir/src.c.o
/home/codespace/.buildozer/android/platform/android-ndk-r25b/toolchains/llvm/prebuilt/linux-x86_64/bin/clang --target=armv7-none-linux-androideabi19 --sysroot=/home/codespace/.buildozer/android/platform/android-ndk-r25b/toolchains/llvm/prebuilt/linux-x86_64/sysroot   -g -DANDROID -fdata-sections -ffunction-sections -funwind-tables -fstack-protector-strong -no-canonical-prefixes -D_FORTIFY_SOURCE=2 -march=armv7-a -mthumb -Wformat -Werror=format-security  -DHAVE_BUILTIN_CTZL -fPIE   -o CMakeFiles/cmTC_3ebc7.dir/src.c.o   -c /workspaces/pythontestapkbuild/.buildozer/android/platform/build-arm64-v8a_armeabi-v7a/build/other_builds/jpeg/armeabi-v7a__ndk_target_21/jpeg/CMakeFiles/CMakeTmp/src.c
Linking C executable cmTC_3ebc7
/usr/bin/cmake -E cmake_link_script CMakeFiles/cmTC_3ebc7.dir/link.txt --verbose=1
/home/codespace/.buildozer/android/platform/android-ndk-r25b/toolchains/llvm/prebuilt/linux-x86_64/bin/clang --target=armv7-none-linux-androideabi19 --sysroot=/home/codespace/.buildozer/android/platform/android-ndk-r25b/toolchains/llvm/prebuilt/linux-x86_64/sysroot -g -DANDROID -fdata-sections -ffunction-sections -funwind-tables -fstack-protector-strong -no-canonical-prefixes -D_FORTIFY_SOURCE=2 -march=armv7-a -mthumb -Wformat -Werror=format-security  -DHAVE_BUILTIN_CTZL  -static-libstdc++ -Wl,--build-id=sha1 -Wl,--no-rosegment -Wl,--fatal-warnings -Wl,--gc-sections -Wl,--no-undefined -Qunused-arguments -Wl,--gc-sections   CMakeFiles/cmTC_3ebc7.dir/src.c.o  -o cmTC_3ebc7  -latomic -lm 
make[1]: Leaving directory '/workspaces/pythontestapkbuild/.buildozer/android/platform/build-arm64-v8a_armeabi-v7a/build/other_builds/jpeg/armeabi-v7a__ndk_target_21/jpeg/CMakeFiles/CMakeTmp'


Source file was:
int main(int argc, char **argv) { unsigned long a = argc;  return __builtin_ctzl(a); }
Determining if files locale.h exist passed with the following output:
Change Dir: /workspaces/pythontestapkbuild/.buildozer/android/platform/build-arm64-v8a_armeabi-v7a/build/other_builds/jpeg/armeabi-v7a__ndk_target_21/jpeg/CMakeFiles/CMakeTmp

Run Build Command(s):/usr/bin/make cmTC_da490/fast && make -j2 -f CMakeFiles/cmTC_da490.dir/build.make CMakeFiles/cmTC_da490.dir/build
make[1]: Entering directory '/workspaces/pythontestapkbuild/.buildozer/android/platform/build-arm64-v8a_armeabi-v7a/build/other_builds/jpeg/armeabi-v7a__ndk_target_21/jpeg/CMakeFiles/CMakeTmp'
Building C object CMakeFiles/cmTC_da490.dir/HAVE_LOCALE_H.c.o
/home/codespace/.buildozer/android/platform/android-ndk-r25b/toolchains/llvm/prebuilt/linux-x86_64/bin/clang --target=armv7-none-linux-androideabi19 --sysroot=/home/codespace/.buildozer/android/platform/android-ndk-r25b/toolchains/llvm/prebuilt/linux-x86_64/sysroot   -g -DANDROID -fdata-sections -ffunction-sections -funwind-tables -fstack-protector-strong -no-canonical-prefixes -D_FORTIFY_SOURCE=2 -march=armv7-a -mthumb -Wformat -Werror=format-security   -fPIE   -o CMakeFiles/cmTC_da490.dir/HAVE_LOCALE_H.c.o   -c /workspaces/pythontestapkbuild/.buildozer/android/platform/build-arm64-v8a_armeabi-v7a/build/other_builds/jpeg/armeabi-v7a__ndk_target_21/jpeg/CMakeFiles/CheckIncludeFiles/HAVE_LOCALE_H.c
Linking C executable cmTC_da490
/usr/bin/cmake -E cmake_link_script CMakeFiles/cmTC_da490.dir/link.txt --verbose=1
/home/codespace/.buildozer/android/platform/android-ndk-r25b/toolchains/llvm/prebuilt/linux-x86_64/bin/clang --target=armv7-none-linux-androideabi19 --sysroot=/home/codespace/.buildozer/android/platform/android-ndk-r25b/toolchains/llvm/prebuilt/linux-x86_64/sysroot -g -DANDROID -fdata-sections -ffunction-sections -funwind-tables -fstack-protector-strong -no-canonical-prefixes -D_FORTIFY_SOURCE=2 -march=armv7-a -mthumb -Wformat -Werror=format-security    -static-libstdc++ -Wl,--build-id=sha1 -Wl,--no-rosegment -Wl,--fatal-warnings -Wl,--gc-sections -Wl,--no-undefined -Qunused-arguments -Wl,--gc-sections   CMakeFiles/cmTC_da490.dir/HAVE_LOCALE_H.c.o  -o cmTC_da490  -latomic -lm 
make[1]: Leaving directory '/workspaces/pythontestapkbuild/.buildozer/android/platform/build-arm64-v8a_armeabi-v7a/build/other_builds/jpeg/armeabi-v7a__ndk_target_21/jpeg/CMakeFiles/CMakeTmp'



Determining if files stdlib.h exist passed with the following output:
Change Dir: /workspaces/pythontestapkbuild/.buildozer/android/platform/build-arm64-v8a_armeabi-v7a/build/other_builds/jpeg/armeabi-v7a__ndk_target_21/jpeg/CMakeFiles/CMakeTmp

Run Build Command(s):/usr/bin/make cmTC_39af0/fast && make -j2 -f CMakeFiles/cmTC_39af0.dir/build.make CMakeFiles/cmTC_39af0.dir/build
make[1]: Entering directory '/workspaces/pythontestapkbuild/.buildozer/android/platform/build-arm64-v8a_armeabi-v7a/build/other_builds/jpeg/armeabi-v7a__ndk_target_21/jpeg/CMakeFiles/CMakeTmp'
Building C object CMakeFiles/cmTC_39af0.dir/HAVE_STDLIB_H.c.o
/home/codespace/.buildozer/android/platform/android-ndk-r25b/toolchains/llvm/prebuilt/linux-x86_64/bin/clang --target=armv7-none-linux-androideabi19 --sysroot=/home/codespace/.buildozer/android/platform/android-ndk-r25b/toolchains/llvm/prebuilt/linux-x86_64/sysroot   -g -DANDROID -fdata-sections -ffunction-sections -funwind-tables -fstack-protector-strong -no-canonical-prefixes -D_FORTIFY_SOURCE=2 -march=armv7-a -mthumb -Wformat -Werror=format-security   -fPIE   -o CMakeFiles/cmTC_39af0.dir/HAVE_STDLIB_H.c.o   -c /workspaces/pythontestapkbuild/.buildozer/android/platform/build-arm64-v8a_armeabi-v7a/build/other_builds/jpeg/armeabi-v7a__ndk_target_21/jpeg/CMakeFiles/CheckIncludeFiles/HAVE_STDLIB_H.c
Linking C executable cmTC_39af0
/usr/bin/cmake -E cmake_link_script CMakeFiles/cmTC_39af0.dir/link.txt --verbose=1
/home/codespace/.buildozer/android/platform/android-ndk-r25b/toolchains/llvm/prebuilt/linux-x86_64/bin/clang --target=armv7-none-linux-androideabi19 --sysroot=/home/codespace/.buildozer/android/platform/android-ndk-r25b/toolchains/llvm/prebuilt/linux-x86_64/sysroot -g -DANDROID -fdata-sections -ffunction-sections -funwind-tables -fstack-protector-strong -no-canonical-prefixes -D_FORTIFY_SOURCE=2 -march=armv7-a -mthumb -Wformat -Werror=format-security    -static-libstdc++ -Wl,--build-id=sha1 -Wl,--no-rosegment -Wl,--fatal-warnings -Wl,--gc-sections -Wl,--no-undefined -Qunused-arguments -Wl,--gc-sections   CMakeFiles/cmTC_39af0.dir/HAVE_STDLIB_H.c.o  -o cmTC_39af0  -latomic -lm 
make[1]: Leaving directory '/workspaces/pythontestapkbuild/.buildozer/android/platform/build-arm64-v8a_armeabi-v7a/build/other_builds/jpeg/armeabi-v7a__ndk_target_21/jpeg/CMakeFiles/CMakeTmp'



Determining if files sys/types.h exist passed with the following output:
Change Dir: /workspaces/pythontestapkbuild/.buildozer/android/platform/build-arm64-v8a_armeabi-v7a/build/other_builds/jpeg/armeabi-v7a__ndk_target_21/jpeg/CMakeFiles/CMakeTmp

Run Build Command(s):/usr/bin/make cmTC_97ac5/fast && make -j2 -f CMakeFiles/cmTC_97ac5.dir/build.make CMakeFiles/cmTC_97ac5.dir/build
make[1]: Entering directory '/workspaces/pythontestapkbuild/.buildozer/android/platform/build-arm64-v8a_armeabi-v7a/build/other_builds/jpeg/armeabi-v7a__ndk_target_21/jpeg/CMakeFiles/CMakeTmp'
Building C object CMakeFiles/cmTC_97ac5.dir/NEED_SYS_TYPES_H.c.o
/home/codespace/.buildozer/android/platform/android-ndk-r25b/toolchains/llvm/prebuilt/linux-x86_64/bin/clang --target=armv7-none-linux-androideabi19 --sysroot=/home/codespace/.buildozer/android/platform/android-ndk-r25b/toolchains/llvm/prebuilt/linux-x86_64/sysroot   -g -DANDROID -fdata-sections -ffunction-sections -funwind-tables -fstack-protector-strong -no-canonical-prefixes -D_FORTIFY_SOURCE=2 -march=armv7-a -mthumb -Wformat -Werror=format-security   -fPIE   -o CMakeFiles/cmTC_97ac5.dir/NEED_SYS_TYPES_H.c.o   -c /workspaces/pythontestapkbuild/.buildozer/android/platform/build-arm64-v8a_armeabi-v7a/build/other_builds/jpeg/armeabi-v7a__ndk_target_21/jpeg/CMakeFiles/CheckIncludeFiles/NEED_SYS_TYPES_H.c
Linking C executable cmTC_97ac5
/usr/bin/cmake -E cmake_link_script CMakeFiles/cmTC_97ac5.dir/link.txt --verbose=1
/home/codespace/.buildozer/android/platform/android-ndk-r25b/toolchains/llvm/prebuilt/linux-x86_64/bin/clang --target=armv7-none-linux-androideabi19 --sysroot=/home/codespace/.buildozer/android/platform/android-ndk-r25b/toolchains/llvm/prebuilt/linux-x86_64/sysroot -g -DANDROID -fdata-sections -ffunction-sections -funwind-tables -fstack-protector-strong -no-canonical-prefixes -D_FORTIFY_SOURCE=2 -march=armv7-a -mthumb -Wformat -Werror=format-security    -static-libstdc++ -Wl,--build-id=sha1 -Wl,--no-rosegment -Wl,--fatal-warnings -Wl,--gc-sections -Wl,--no-undefined -Qunused-arguments -Wl,--gc-sections   CMakeFiles/cmTC_97ac5.dir/NEED_SYS_TYPES_H.c.o  -o cmTC_97ac5  -latomic -lm 
make[1]: Leaving directory '/workspaces/pythontestapkbuild/.buildozer/android/platform/build-arm64-v8a_armeabi-v7a/build/other_builds/jpeg/armeabi-v7a__ndk_target_21/jpeg/CMakeFiles/CMakeTmp'



Determining if the memset exist passed with the following output:
Change Dir: /workspaces/pythontestapkbuild/.buildozer/android/platform/build-arm64-v8a_armeabi-v7a/build/other_builds/jpeg/armeabi-v7a__ndk_target_21/jpeg/CMakeFiles/CMakeTmp

Run Build Command(s):/usr/bin/make cmTC_c210f/fast && make -j2 -f CMakeFiles/cmTC_c210f.dir/build.make CMakeFiles/cmTC_c210f.dir/build
make[1]: Entering directory '/workspaces/pythontestapkbuild/.buildozer/android/platform/build-arm64-v8a_armeabi-v7a/build/other_builds/jpeg/armeabi-v7a__ndk_target_21/jpeg/CMakeFiles/CMakeTmp'
Building C object CMakeFiles/cmTC_c210f.dir/CheckSymbolExists.c.o
/home/codespace/.buildozer/android/platform/android-ndk-r25b/toolchains/llvm/prebuilt/linux-x86_64/bin/clang --target=armv7-none-linux-androideabi19 --sysroot=/home/codespace/.buildozer/android/platform/android-ndk-r25b/toolchains/llvm/prebuilt/linux-x86_64/sysroot   -g -DANDROID -fdata-sections -ffunction-sections -funwind-tables -fstack-protector-strong -no-canonical-prefixes -D_FORTIFY_SOURCE=2 -march=armv7-a -mthumb -Wformat -Werror=format-security   -fPIE   -o CMakeFiles/cmTC_c210f.dir/CheckSymbolExists.c.o   -c /workspaces/pythontestapkbuild/.buildozer/android/platform/build-arm64-v8a_armeabi-v7a/build/other_builds/jpeg/armeabi-v7a__ndk_target_21/jpeg/CMakeFiles/CMakeTmp/CheckSymbolExists.c
Linking C executable cmTC_c210f
/usr/bin/cmake -E cmake_link_script CMakeFiles/cmTC_c210f.dir/link.txt --verbose=1
/home/codespace/.buildozer/android/platform/android-ndk-r25b/toolchains/llvm/prebuilt/linux-x86_64/bin/clang --target=armv7-none-linux-androideabi19 --sysroot=/home/codespace/.buildozer/android/platform/android-ndk-r25b/toolchains/llvm/prebuilt/linux-x86_64/sysroot -g -DANDROID -fdata-sections -ffunction-sections -funwind-tables -fstack-protector-strong -no-canonical-prefixes -D_FORTIFY_SOURCE=2 -march=armv7-a -mthumb -Wformat -Werror=format-security    -static-libstdc++ -Wl,--build-id=sha1 -Wl,--no-rosegment -Wl,--fatal-warnings -Wl,--gc-sections -Wl,--no-undefined -Qunused-arguments -Wl,--gc-sections   CMakeFiles/cmTC_c210f.dir/CheckSymbolExists.c.o  -o cmTC_c210f  -latomic -lm 
make[1]: Leaving directory '/workspaces/pythontestapkbuild/.buildozer/android/platform/build-arm64-v8a_armeabi-v7a/build/other_builds/jpeg/armeabi-v7a__ndk_target_21/jpeg/CMakeFiles/CMakeTmp'


File /workspaces/pythontestapkbuild/.buildozer/android/platform/build-arm64-v8a_armeabi-v7a/build/other_builds/jpeg/armeabi-v7a__ndk_target_21/jpeg/CMakeFiles/CMakeTmp/CheckSymbolExists.c:
/* */
#include <string.h>

int main(int argc, char** argv)
{
  (void)argv;
#ifndef memset
  return ((int*)(&memset))[argc];
#else
  (void)argc;
  return 0;
#endif
}
Determining if the memcpy exist passed with the following output:
Change Dir: /workspaces/pythontestapkbuild/.buildozer/android/platform/build-arm64-v8a_armeabi-v7a/build/other_builds/jpeg/armeabi-v7a__ndk_target_21/jpeg/CMakeFiles/CMakeTmp

Run Build Command(s):/usr/bin/make cmTC_f0c2d/fast && make -j2 -f CMakeFiles/cmTC_f0c2d.dir/build.make CMakeFiles/cmTC_f0c2d.dir/build
make[1]: Entering directory '/workspaces/pythontestapkbuild/.buildozer/android/platform/build-arm64-v8a_armeabi-v7a/build/other_builds/jpeg/armeabi-v7a__ndk_target_21/jpeg/CMakeFiles/CMakeTmp'
Building C object CMakeFiles/cmTC_f0c2d.dir/CheckSymbolExists.c.o
/home/codespace/.buildozer/android/platform/android-ndk-r25b/toolchains/llvm/prebuilt/linux-x86_64/bin/clang --target=armv7-none-linux-androideabi19 --sysroot=/home/codespace/.buildozer/android/platform/android-ndk-r25b/toolchains/llvm/prebuilt/linux-x86_64/sysroot   -g -DANDROID -fdata-sections -ffunction-sections -funwind-tables -fstack-protector-strong -no-canonical-prefixes -D_FORTIFY_SOURCE=2 -march=armv7-a -mthumb -Wformat -Werror=format-security   -fPIE   -o CMakeFiles/cmTC_f0c2d.dir/CheckSymbolExists.c.o   -c /workspaces/pythontestapkbuild/.buildozer/android/platform/build-arm64-v8a_armeabi-v7a/build/other_builds/jpeg/armeabi-v7a__ndk_target_21/jpeg/CMakeFiles/CMakeTmp/CheckSymbolExists.c
Linking C executable cmTC_f0c2d
/usr/bin/cmake -E cmake_link_script CMakeFiles/cmTC_f0c2d.dir/link.txt --verbose=1
/home/codespace/.buildozer/android/platform/android-ndk-r25b/toolchains/llvm/prebuilt/linux-x86_64/bin/clang --target=armv7-none-linux-androideabi19 --sysroot=/home/codespace/.buildozer/android/platform/android-ndk-r25b/toolchains/llvm/prebuilt/linux-x86_64/sysroot -g -DANDROID -fdata-sections -ffunction-sections -funwind-tables -fstack-protector-strong -no-canonical-prefixes -D_FORTIFY_SOURCE=2 -march=armv7-a -mthumb -Wformat -Werror=format-security    -static-libstdc++ -Wl,--build-id=sha1 -Wl,--no-rosegment -Wl,--fatal-warnings -Wl,--gc-sections -Wl,--no-undefined -Qunused-arguments -Wl,--gc-sections   CMakeFiles/cmTC_f0c2d.dir/CheckSymbolExists.c.o  -o cmTC_f0c2d  -latomic -lm 
make[1]: Leaving directory '/workspaces/pythontestapkbuild/.buildozer/android/platform/build-arm64-v8a_armeabi-v7a/build/other_builds/jpeg/armeabi-v7a__ndk_target_21/jpeg/CMakeFiles/CMakeTmp'


File /workspaces/pythontestapkbuild/.buildozer/android/platform/build-arm64-v8a_armeabi-v7a/build/other_builds/jpeg/armeabi-v7a__ndk_target_21/jpeg/CMakeFiles/CMakeTmp/CheckSymbolExists.c:
/* */
#include <string.h>

int main(int argc, char** argv)
{
  (void)argv;
#ifndef memcpy
  return ((int*)(&memcpy))[argc];
#else
  (void)argc;
  return 0;
#endif
}
Determining size of unsigned char passed with the following output:
Change Dir: /workspaces/pythontestapkbuild/.buildozer/android/platform/build-arm64-v8a_armeabi-v7a/build/other_builds/jpeg/armeabi-v7a__ndk_target_21/jpeg/CMakeFiles/CMakeTmp

Run Build Command(s):/usr/bin/make cmTC_b6f0f/fast && make -j2 -f CMakeFiles/cmTC_b6f0f.dir/build.make CMakeFiles/cmTC_b6f0f.dir/build
make[1]: Entering directory '/workspaces/pythontestapkbuild/.buildozer/android/platform/build-arm64-v8a_armeabi-v7a/build/other_builds/jpeg/armeabi-v7a__ndk_target_21/jpeg/CMakeFiles/CMakeTmp'
Building C object CMakeFiles/cmTC_b6f0f.dir/UNSIGNED_CHAR.c.o
/home/codespace/.buildozer/android/platform/android-ndk-r25b/toolchains/llvm/prebuilt/linux-x86_64/bin/clang --target=armv7-none-linux-androideabi19 --sysroot=/home/codespace/.buildozer/android/platform/android-ndk-r25b/toolchains/llvm/prebuilt/linux-x86_64/sysroot   -g -DANDROID -fdata-sections -ffunction-sections -funwind-tables -fstack-protector-strong -no-canonical-prefixes -D_FORTIFY_SOURCE=2 -march=armv7-a -mthumb -Wformat -Werror=format-security   -fPIE   -o CMakeFiles/cmTC_b6f0f.dir/UNSIGNED_CHAR.c.o   -c /workspaces/pythontestapkbuild/.buildozer/android/platform/build-arm64-v8a_armeabi-v7a/build/other_builds/jpeg/armeabi-v7a__ndk_target_21/jpeg/CMakeFiles/CheckTypeSize/UNSIGNED_CHAR.c
Linking C executable cmTC_b6f0f
/usr/bin/cmake -E cmake_link_script CMakeFiles/cmTC_b6f0f.dir/link.txt --verbose=1
/home/codespace/.buildozer/android/platform/android-ndk-r25b/toolchains/llvm/prebuilt/linux-x86_64/bin/clang --target=armv7-none-linux-androideabi19 --sysroot=/home/codespace/.buildozer/android/platform/android-ndk-r25b/toolchains/llvm/prebuilt/linux-x86_64/sysroot -g -DANDROID -fdata-sections -ffunction-sections -funwind-tables -fstack-protector-strong -no-canonical-prefixes -D_FORTIFY_SOURCE=2 -march=armv7-a -mthumb -Wformat -Werror=format-security    -static-libstdc++ -Wl,--build-id=sha1 -Wl,--no-rosegment -Wl,--fatal-warnings -Wl,--gc-sections -Wl,--no-undefined -Qunused-arguments -Wl,--gc-sections   CMakeFiles/cmTC_b6f0f.dir/UNSIGNED_CHAR.c.o  -o cmTC_b6f0f  -latomic -lm 
make[1]: Leaving directory '/workspaces/pythontestapkbuild/.buildozer/android/platform/build-arm64-v8a_armeabi-v7a/build/other_builds/jpeg/armeabi-v7a__ndk_target_21/jpeg/CMakeFiles/CMakeTmp'



Determining size of unsigned short passed with the following output:
Change Dir: /workspaces/pythontestapkbuild/.buildozer/android/platform/build-arm64-v8a_armeabi-v7a/build/other_builds/jpeg/armeabi-v7a__ndk_target_21/jpeg/CMakeFiles/CMakeTmp

Run Build Command(s):/usr/bin/make cmTC_0a2af/fast && make -j2 -f CMakeFiles/cmTC_0a2af.dir/build.make CMakeFiles/cmTC_0a2af.dir/build
make[1]: Entering directory '/workspaces/pythontestapkbuild/.buildozer/android/platform/build-arm64-v8a_armeabi-v7a/build/other_builds/jpeg/armeabi-v7a__ndk_target_21/jpeg/CMakeFiles/CMakeTmp'
Building C object CMakeFiles/cmTC_0a2af.dir/UNSIGNED_SHORT.c.o
/home/codespace/.buildozer/android/platform/android-ndk-r25b/toolchains/llvm/prebuilt/linux-x86_64/bin/clang --target=armv7-none-linux-androideabi19 --sysroot=/home/codespace/.buildozer/android/platform/android-ndk-r25b/toolchains/llvm/prebuilt/linux-x86_64/sysroot   -g -DANDROID -fdata-sections -ffunction-sections -funwind-tables -fstack-protector-strong -no-canonical-prefixes -D_FORTIFY_SOURCE=2 -march=armv7-a -mthumb -Wformat -Werror=format-security   -fPIE   -o CMakeFiles/cmTC_0a2af.dir/UNSIGNED_SHORT.c.o   -c /workspaces/pythontestapkbuild/.buildozer/android/platform/build-arm64-v8a_armeabi-v7a/build/other_builds/jpeg/armeabi-v7a__ndk_target_21/jpeg/CMakeFiles/CheckTypeSize/UNSIGNED_SHORT.c
Linking C executable cmTC_0a2af
/usr/bin/cmake -E cmake_link_script CMakeFiles/cmTC_0a2af.dir/link.txt --verbose=1
/home/codespace/.buildozer/android/platform/android-ndk-r25b/toolchains/llvm/prebuilt/linux-x86_64/bin/clang --target=armv7-none-linux-androideabi19 --sysroot=/home/codespace/.buildozer/android/platform/android-ndk-r25b/toolchains/llvm/prebuilt/linux-x86_64/sysroot -g -DANDROID -fdata-sections -ffunction-sections -funwind-tables -fstack-protector-strong -no-canonical-prefixes -D_FORTIFY_SOURCE=2 -march=armv7-a -mthumb -Wformat -Werror=format-security    -static-libstdc++ -Wl,--build-id=sha1 -Wl,--no-rosegment -Wl,--fatal-warnings -Wl,--gc-sections -Wl,--no-undefined -Qunused-arguments -Wl,--gc-sections   CMakeFiles/cmTC_0a2af.dir/UNSIGNED_SHORT.c.o  -o cmTC_0a2af  -latomic -lm 
make[1]: Leaving directory '/workspaces/pythontestapkbuild/.buildozer/android/platform/build-arm64-v8a_armeabi-v7a/build/other_builds/jpeg/armeabi-v7a__ndk_target_21/jpeg/CMakeFiles/CMakeTmp'



Performing C SOURCE FILE Test INCOMPLETE_TYPES succeeded with the following output:
Change Dir: /workspaces/pythontestapkbuild/.buildozer/android/platform/build-arm64-v8a_armeabi-v7a/build/other_builds/jpeg/armeabi-v7a__ndk_target_21/jpeg/CMakeFiles/CMakeTmp

Run Build Command(s):/usr/bin/make cmTC_9836e/fast && make -j2 -f CMakeFiles/cmTC_9836e.dir/build.make CMakeFiles/cmTC_9836e.dir/build
make[1]: Entering directory '/workspaces/pythontestapkbuild/.buildozer/android/platform/build-arm64-v8a_armeabi-v7a/build/other_builds/jpeg/armeabi-v7a__ndk_target_21/jpeg/CMakeFiles/CMakeTmp'
Building C object CMakeFiles/cmTC_9836e.dir/src.c.o
/home/codespace/.buildozer/android/platform/android-ndk-r25b/toolchains/llvm/prebuilt/linux-x86_64/bin/clang --target=armv7-none-linux-androideabi19 --sysroot=/home/codespace/.buildozer/android/platform/android-ndk-r25b/toolchains/llvm/prebuilt/linux-x86_64/sysroot   -g -DANDROID -fdata-sections -ffunction-sections -funwind-tables -fstack-protector-strong -no-canonical-prefixes -D_FORTIFY_SOURCE=2 -march=armv7-a -mthumb -Wformat -Werror=format-security  -DINCOMPLETE_TYPES -fPIE   -o CMakeFiles/cmTC_9836e.dir/src.c.o   -c /workspaces/pythontestapkbuild/.buildozer/android/platform/build-arm64-v8a_armeabi-v7a/build/other_builds/jpeg/armeabi-v7a__ndk_target_21/jpeg/CMakeFiles/CMakeTmp/src.c
Linking C executable cmTC_9836e
/usr/bin/cmake -E cmake_link_script CMakeFiles/cmTC_9836e.dir/link.txt --verbose=1
/home/codespace/.buildozer/android/platform/android-ndk-r25b/toolchains/llvm/prebuilt/linux-x86_64/bin/clang --target=armv7-none-linux-androideabi19 --sysroot=/home/codespace/.buildozer/android/platform/android-ndk-r25b/toolchains/llvm/prebuilt/linux-x86_64/sysroot -g -DANDROID -fdata-sections -ffunction-sections -funwind-tables -fstack-protector-strong -no-canonical-prefixes -D_FORTIFY_SOURCE=2 -march=armv7-a -mthumb -Wformat -Werror=format-security  -DINCOMPLETE_TYPES  -static-libstdc++ -Wl,--build-id=sha1 -Wl,--no-rosegment -Wl,--fatal-warnings -Wl,--gc-sections -Wl,--no-undefined -Qunused-arguments -Wl,--gc-sections   CMakeFiles/cmTC_9836e.dir/src.c.o  -o cmTC_9836e  -latomic -lm 
make[1]: Leaving directory '/workspaces/pythontestapkbuild/.buildozer/android/platform/build-arm64-v8a_armeabi-v7a/build/other_builds/jpeg/armeabi-v7a__ndk_target_21/jpeg/CMakeFiles/CMakeTmp'


Source file was:
int main(void) { typedef struct undefined_structure *undef_struct_ptr;  undef_struct_ptr ptr = 0;  return ptr != 0; }
Performing C SOURCE FILE Test INLINE_WORKS succeeded with the following output:
Change Dir: /workspaces/pythontestapkbuild/.buildozer/android/platform/build-arm64-v8a_armeabi-v7a/build/other_builds/jpeg/armeabi-v7a__ndk_target_21/jpeg/CMakeFiles/CMakeTmp

Run Build Command(s):/usr/bin/make cmTC_d3db7/fast && make -j2 -f CMakeFiles/cmTC_d3db7.dir/build.make CMakeFiles/cmTC_d3db7.dir/build
make[1]: Entering directory '/workspaces/pythontestapkbuild/.buildozer/android/platform/build-arm64-v8a_armeabi-v7a/build/other_builds/jpeg/armeabi-v7a__ndk_target_21/jpeg/CMakeFiles/CMakeTmp'
Building C object CMakeFiles/cmTC_d3db7.dir/src.c.o
/home/codespace/.buildozer/android/platform/android-ndk-r25b/toolchains/llvm/prebuilt/linux-x86_64/bin/clang --target=armv7-none-linux-androideabi19 --sysroot=/home/codespace/.buildozer/android/platform/android-ndk-r25b/toolchains/llvm/prebuilt/linux-x86_64/sysroot   -g -DANDROID -fdata-sections -ffunction-sections -funwind-tables -fstack-protector-strong -no-canonical-prefixes -D_FORTIFY_SOURCE=2 -march=armv7-a -mthumb -Wformat -Werror=format-security  -DINLINE_WORKS -fPIE   -o CMakeFiles/cmTC_d3db7.dir/src.c.o   -c /workspaces/pythontestapkbuild/.buildozer/android/platform/build-arm64-v8a_armeabi-v7a/build/other_builds/jpeg/armeabi-v7a__ndk_target_21/jpeg/CMakeFiles/CMakeTmp/src.c
Linking C executable cmTC_d3db7
/usr/bin/cmake -E cmake_link_script CMakeFiles/cmTC_d3db7.dir/link.txt --verbose=1
/home/codespace/.buildozer/android/platform/android-ndk-r25b/toolchains/llvm/prebuilt/linux-x86_64/bin/clang --target=armv7-none-linux-androideabi19 --sysroot=/home/codespace/.buildozer/android/platform/android-ndk-r25b/toolchains/llvm/prebuilt/linux-x86_64/sysroot -g -DANDROID -fdata-sections -ffunction-sections -funwind-tables -fstack-protector-strong -no-canonical-prefixes -D_FORTIFY_SOURCE=2 -march=armv7-a -mthumb -Wformat -Werror=format-security  -DINLINE_WORKS  -static-libstdc++ -Wl,--build-id=sha1 -Wl,--no-rosegment -Wl,--fatal-warnings -Wl,--gc-sections -Wl,--no-undefined -Qunused-arguments -Wl,--gc-sections   CMakeFiles/cmTC_d3db7.dir/src.c.o  -o cmTC_d3db7  -latomic -lm 
make[1]: Leaving directory '/workspaces/pythontestapkbuild/.buildozer/android/platform/build-arm64-v8a_armeabi-v7a/build/other_builds/jpeg/armeabi-v7a__ndk_target_21/jpeg/CMakeFiles/CMakeTmp'


Source file was:
__inline__ __attribute__((always_inline)) static int foo(void) { return 0; } int main(void) { return foo(); }
Performing C SOURCE FILE Test HAVE_VERSION_SCRIPT succeeded with the following output:
Change Dir: /workspaces/pythontestapkbuild/.buildozer/android/platform/build-arm64-v8a_armeabi-v7a/build/other_builds/jpeg/armeabi-v7a__ndk_target_21/jpeg/CMakeFiles/CMakeTmp

Run Build Command(s):/usr/bin/make cmTC_b0eb8/fast && make -j2 -f CMakeFiles/cmTC_b0eb8.dir/build.make CMakeFiles/cmTC_b0eb8.dir/build
make[1]: Entering directory '/workspaces/pythontestapkbuild/.buildozer/android/platform/build-arm64-v8a_armeabi-v7a/build/other_builds/jpeg/armeabi-v7a__ndk_target_21/jpeg/CMakeFiles/CMakeTmp'
Building C object CMakeFiles/cmTC_b0eb8.dir/src.c.o
/home/codespace/.buildozer/android/platform/android-ndk-r25b/toolchains/llvm/prebuilt/linux-x86_64/bin/clang --target=armv7-none-linux-androideabi19 --sysroot=/home/codespace/.buildozer/android/platform/android-ndk-r25b/toolchains/llvm/prebuilt/linux-x86_64/sysroot   -g -DANDROID -fdata-sections -ffunction-sections -funwind-tables -fstack-protector-strong -no-canonical-prefixes -D_FORTIFY_SOURCE=2 -march=armv7-a -mthumb -Wformat -Werror=format-security  -DHAVE_VERSION_SCRIPT -Wl,--version-script,/workspaces/pythontestapkbuild/.buildozer/android/platform/build-arm64-v8a_armeabi-v7a/build/other_builds/jpeg/armeabi-v7a__ndk_target_21/jpeg/conftest.map -fPIE   -o CMakeFiles/cmTC_b0eb8.dir/src.c.o   -c /workspaces/pythontestapkbuild/.buildozer/android/platform/build-arm64-v8a_armeabi-v7a/build/other_builds/jpeg/armeabi-v7a__ndk_target_21/jpeg/CMakeFiles/CMakeTmp/src.c
clang: warning: -Wl,--version-script,/workspaces/pythontestapkbuild/.buildozer/android/platform/build-arm64-v8a_armeabi-v7a/build/other_builds/jpeg/armeabi-v7a__ndk_target_21/jpeg/conftest.map: 'linker' input unused [-Wunused-command-line-argument]
Linking C executable cmTC_b0eb8
/usr/bin/cmake -E cmake_link_script CMakeFiles/cmTC_b0eb8.dir/link.txt --verbose=1
/home/codespace/.buildozer/android/platform/android-ndk-r25b/toolchains/llvm/prebuilt/linux-x86_64/bin/clang --target=armv7-none-linux-androideabi19 --sysroot=/home/codespace/.buildozer/android/platform/android-ndk-r25b/toolchains/llvm/prebuilt/linux-x86_64/sysroot -g -DANDROID -fdata-sections -ffunction-sections -funwind-tables -fstack-protector-strong -no-canonical-prefixes -D_FORTIFY_SOURCE=2 -march=armv7-a -mthumb -Wformat -Werror=format-security  -DHAVE_VERSION_SCRIPT -Wl,--version-script,/workspaces/pythontestapkbuild/.buildozer/android/platform/build-arm64-v8a_armeabi-v7a/build/other_builds/jpeg/armeabi-v7a__ndk_target_21/jpeg/conftest.map  -static-libstdc++ -Wl,--build-id=sha1 -Wl,--no-rosegment -Wl,--fatal-warnings -Wl,--gc-sections -Wl,--no-undefined -Qunused-arguments -Wl,--gc-sections   CMakeFiles/cmTC_b0eb8.dir/src.c.o  -o cmTC_b0eb8  -latomic -lm 
make[1]: Leaving directory '/workspaces/pythontestapkbuild/.buildozer/android/platform/build-arm64-v8a_armeabi-v7a/build/other_builds/jpeg/armeabi-v7a__ndk_target_21/jpeg/CMakeFiles/CMakeTmp'


Source file was:
int main(void) { return 0; }
Checking whether the ASM compiler is Clang using "--version" matched "(clang version)":
Android (8490178, based on r450784d) clang version 14.0.6 (https://android.googlesource.com/toolchain/llvm-project 4c603efb0cca074e9238af8b4106c30add4418f6)
Target: x86_64-unknown-linux-gnu
Thread model: posix
InstalledDir: /home/codespace/.buildozer/android/platform/android-ndk-r25b/toolchains/llvm/prebuilt/linux-x86_64/bin
